0 info it worked if it ends with ok
1 verbose cli [ 'node', '/usr/local/bin/npm', 'install', 'formidable' ]
2 info using npm@1.4.28
3 info using node@v0.10.36
4 verbose config Skipping project config: /Users/apple/.npmrc. (matches userconfig)
5 verbose cache add [ 'formidable', null ]
6 verbose cache add name=undefined spec="formidable" args=["formidable",null]
7 verbose parsed url { protocol: null,
7 verbose parsed url   slashes: null,
7 verbose parsed url   auth: null,
7 verbose parsed url   host: null,
7 verbose parsed url   port: null,
7 verbose parsed url   hostname: null,
7 verbose parsed url   hash: null,
7 verbose parsed url   search: null,
7 verbose parsed url   query: null,
7 verbose parsed url   pathname: 'formidable',
7 verbose parsed url   path: 'formidable',
7 verbose parsed url   href: 'formidable' }
8 silly lockFile 8fdd0b7c-formidable formidable
9 verbose lock formidable /Users/apple/.npm/8fdd0b7c-formidable.lock
10 silly lockFile 8fdd0b7c-formidable formidable
11 silly lockFile 8fdd0b7c-formidable formidable
12 verbose addNamed [ 'formidable', '' ]
13 verbose addNamed [ null, '*' ]
14 silly lockFile fedfde19-formidable formidable@
15 verbose lock formidable@ /Users/apple/.npm/fedfde19-formidable.lock
16 silly addNameRange { name: 'formidable', range: '*', hasData: false }
17 verbose request where is /formidable
18 verbose request registry https://registry.npmjs.org/
19 verbose request id 917898fdaa2fb8d6
20 verbose url raw /formidable
21 verbose url resolving [ 'https://registry.npmjs.org/', './formidable' ]
22 verbose url resolved https://registry.npmjs.org/formidable
23 verbose request where is https://registry.npmjs.org/formidable
24 info trying registry request attempt 1 at 19:00:08
25 verbose etag "4KA3GY6UIOMFSAJZY3U8SSWPH"
26 http GET https://registry.npmjs.org/formidable
27 http 200 https://registry.npmjs.org/formidable
28 silly registry.get cb [ 200,
28 silly registry.get   { date: 'Thu, 16 Apr 2015 11:00:30 GMT',
28 silly registry.get     server: 'CouchDB/1.5.0 (Erlang OTP/R16B03)',
28 silly registry.get     etag: '"85D03KU8HEJ0BAPQCFD5BR0MQ"',
28 silly registry.get     'content-type': 'application/json',
28 silly registry.get     'cache-control': 'max-age=60',
28 silly registry.get     'content-length': '38792',
28 silly registry.get     'accept-ranges': 'bytes',
28 silly registry.get     via: '1.1 varnish',
28 silly registry.get     age: '23',
28 silly registry.get     'x-served-by': 'cache-nrt6129-NRT',
28 silly registry.get     'x-cache': 'HIT',
28 silly registry.get     'x-cache-hits': '1',
28 silly registry.get     'x-timer': 'S1429182030.770230,VS0,VE1',
28 silly registry.get     vary: 'Accept',
28 silly registry.get     'keep-alive': 'timeout=10, max=50',
28 silly registry.get     connection: 'Keep-Alive' } ]
29 silly addNameRange number 2 { name: 'formidable', range: '*', hasData: true }
30 silly addNameRange versions [ 'formidable',
30 silly addNameRange   [ '0.3.0',
30 silly addNameRange     '0.4.0',
30 silly addNameRange     '0.5.0',
30 silly addNameRange     '0.6.0',
30 silly addNameRange     '0.7.0',
30 silly addNameRange     '0.8.0',
30 silly addNameRange     '0.9.0',
30 silly addNameRange     '0.9.1',
30 silly addNameRange     '0.9.2',
30 silly addNameRange     '0.9.3',
30 silly addNameRange     '0.9.4',
30 silly addNameRange     '0.9.5',
30 silly addNameRange     '0.9.6',
30 silly addNameRange     '0.9.7',
30 silly addNameRange     '0.9.8',
30 silly addNameRange     '0.9.9',
30 silly addNameRange     '0.9.10',
30 silly addNameRange     '0.9.11',
30 silly addNameRange     '1.0.0',
30 silly addNameRange     '1.0.1',
30 silly addNameRange     '1.0.2',
30 silly addNameRange     '1.0.3',
30 silly addNameRange     '1.0.4',
30 silly addNameRange     '1.0.5',
30 silly addNameRange     '1.0.6',
30 silly addNameRange     '1.0.7',
30 silly addNameRange     '1.0.8',
30 silly addNameRange     '1.0.9',
30 silly addNameRange     '1.0.10',
30 silly addNameRange     '1.0.11',
30 silly addNameRange     '1.0.12',
30 silly addNameRange     '1.0.13',
30 silly addNameRange     '1.0.14',
30 silly addNameRange     '1.0.15',
30 silly addNameRange     '1.0.16',
30 silly addNameRange     '1.0.17' ] ]
31 verbose addNamed [ 'formidable', '1.0.17' ]
32 verbose addNamed [ '1.0.17', '1.0.17' ]
33 silly lockFile 801e8378-formidable-1-0-17 formidable@1.0.17
34 verbose lock formidable@1.0.17 /Users/apple/.npm/801e8378-formidable-1-0-17.lock
35 silly lockFile 4e4847b5-formidable-formidable-1-0-17-tgz https://registry.npmjs.org/formidable/-/formidable-1.0.17.tgz
36 verbose lock https://registry.npmjs.org/formidable/-/formidable-1.0.17.tgz /Users/apple/.npm/4e4847b5-formidable-formidable-1-0-17-tgz.lock
37 verbose addRemoteTarball [ 'https://registry.npmjs.org/formidable/-/formidable-1.0.17.tgz',
37 verbose addRemoteTarball   'ef5491490f9433b705faa77249c99029ae348559' ]
38 info retry fetch attempt 1 at 19:00:31
39 verbose fetch to= /var/folders/b_/zmq01c3j3fqd0nc7n75pylm40000gn/T/npm-13178-346b2vAz/registry.npmjs.org/formidable/-/formidable-1.0.17.tgz
40 http GET https://registry.npmjs.org/formidable/-/formidable-1.0.17.tgz
41 http 200 https://registry.npmjs.org/formidable/-/formidable-1.0.17.tgz
42 silly lockFile 4e4847b5-formidable-formidable-1-0-17-tgz https://registry.npmjs.org/formidable/-/formidable-1.0.17.tgz
43 silly lockFile 4e4847b5-formidable-formidable-1-0-17-tgz https://registry.npmjs.org/formidable/-/formidable-1.0.17.tgz
44 silly lockFile 801e8378-formidable-1-0-17 formidable@1.0.17
45 silly lockFile 801e8378-formidable-1-0-17 formidable@1.0.17
46 silly lockFile fedfde19-formidable formidable@
47 silly lockFile fedfde19-formidable formidable@
48 error Error: EACCES, mkdir '/Users/apple/.npm/formidable/1.0.17'
48 error  { [Error: EACCES, mkdir '/Users/apple/.npm/formidable/1.0.17']
48 error   errno: 3,
48 error   code: 'EACCES',
48 error   path: '/Users/apple/.npm/formidable/1.0.17' }
49 error Please try running this command again as root/Administrator.
50 error System Darwin 14.3.0
51 error command "node" "/usr/local/bin/npm" "install" "formidable"
52 error cwd /Users/apple/learn/nodejs/basic
53 error node -v v0.10.36
54 error npm -v 1.4.28
55 error path /Users/apple/.npm/formidable/1.0.17
56 error code EACCES
57 error errno 3
58 error stack Error: EACCES, mkdir '/Users/apple/.npm/formidable/1.0.17'
59 verbose exit [ 3, true ]
